{"D:\\GitHub\\space-flight\\app.mjs": {"path":"D:\\GitHub\\space-flight\\app.mjs","statementMap":{"0":{"start":{"line":13,"column":12},"end":{"line":13,"column":21}},"1":{"start":{"line":16,"column":0},"end":{"line":16,"column":43}},"2":{"start":{"line":17,"column":0},"end":{"line":17,"column":31}},"3":{"start":{"line":19,"column":0},"end":{"line":19,"column":23}},"4":{"start":{"line":20,"column":0},"end":{"line":20,"column":24}},"5":{"start":{"line":21,"column":0},"end":{"line":21,"column":47}},"6":{"start":{"line":22,"column":0},"end":{"line":22,"column":24}},"7":{"start":{"line":23,"column":0},"end":{"line":23,"column":51}},"8":{"start":{"line":25,"column":0},"end":{"line":25,"column":26}},"9":{"start":{"line":26,"column":0},"end":{"line":26,"column":31}},"10":{"start":{"line":29,"column":0},"end":{"line":31,"column":3}},"11":{"start":{"line":30,"column":4},"end":{"line":30,"column":27}},"12":{"start":{"line":34,"column":0},"end":{"line":42,"column":3}},"13":{"start":{"line":36,"column":4},"end":{"line":36,"column":37}},"14":{"start":{"line":37,"column":4},"end":{"line":37,"column":71}},"15":{"start":{"line":40,"column":4},"end":{"line":40,"column":34}},"16":{"start":{"line":41,"column":4},"end":{"line":41,"column":24}}},"fnMap":{"0":{"name":"(anonymous_0)","decl":{"start":{"line":29,"column":8},"end":{"line":29,"column":9}},"loc":{"start":{"line":29,"column":34},"end":{"line":31,"column":1}},"line":29},"1":{"name":"(anonymous_1)","decl":{"start":{"line":34,"column":8},"end":{"line":34,"column":9}},"loc":{"start":{"line":34,"column":39},"end":{"line":42,"column":1}},"line":34}},"branchMap":{"0":{"loc":{"start":{"line":37,"column":23},"end":{"line":37,"column":70}},"type":"cond-expr","locations":[{"start":{"line":37,"column":62},"end":{"line":37,"column":65}},{"start":{"line":37,"column":68},"end":{"line":37,"column":70}}],"line":37},"1":{"loc":{"start":{"line":40,"column":15},"end":{"line":40,"column":32}},"type":"binary-expr","locations":[{"start":{"line":40,"column":15},"end":{"line":40,"column":25}},{"start":{"line":40,"column":29},"end":{"line":40,"column":32}}],"line":40}},"s":{"0":1,"1":1,"2":1,"3":1,"4":1,"5":1,"6":1,"7":1,"8":1,"9":1,"10":1,"11":0,"12":1,"13":0,"14":0,"15":0,"16":0},"f":{"0":0,"1":0},"b":{"0":[0,0],"1":[0,0]},"_coverageSchema":"1a1c01bbd47fc00a2c39e90264f33305004495a9","hash":"49f176805acf1358c793dd5df9a35133fba1e51e"}
,"D:\\GitHub\\space-flight\\routes\\index.mjs": {"path":"D:\\GitHub\\space-flight\\routes\\index.mjs","statementMap":{"0":{"start":{"line":3,"column":15},"end":{"line":3,"column":31}},"1":{"start":{"line":6,"column":0},"end":{"line":8,"column":3}},"2":{"start":{"line":7,"column":2},"end":{"line":7,"column":46}}},"fnMap":{"0":{"name":"(anonymous_0)","decl":{"start":{"line":6,"column":16},"end":{"line":6,"column":17}},"loc":{"start":{"line":6,"column":41},"end":{"line":8,"column":1}},"line":6}},"branchMap":{},"s":{"0":1,"1":1,"2":0},"f":{"0":0},"b":{},"_coverageSchema":"1a1c01bbd47fc00a2c39e90264f33305004495a9","hash":"5046d34863e6789e146c9b73739ac33dbe14fa8a"}
,"D:\\GitHub\\space-flight\\routes\\space.mjs": {"path":"D:\\GitHub\\space-flight\\routes\\space.mjs","statementMap":{"0":{"start":{"line":3,"column":15},"end":{"line":3,"column":31}},"1":{"start":{"line":6,"column":0},"end":{"line":8,"column":3}},"2":{"start":{"line":7,"column":2},"end":{"line":7,"column":117}},"3":{"start":{"line":10,"column":0},"end":{"line":13,"column":3}},"4":{"start":{"line":11,"column":2},"end":{"line":12,"column":5}},"5":{"start":{"line":15,"column":0},"end":{"line":90,"column":3}},"6":{"start":{"line":16,"column":2},"end":{"line":89,"column":5}},"7":{"start":{"line":92,"column":0},"end":{"line":145,"column":3}},"8":{"start":{"line":93,"column":2},"end":{"line":144,"column":5}}},"fnMap":{"0":{"name":"(anonymous_0)","decl":{"start":{"line":6,"column":16},"end":{"line":6,"column":17}},"loc":{"start":{"line":6,"column":42},"end":{"line":8,"column":1}},"line":6},"1":{"name":"(anonymous_1)","decl":{"start":{"line":10,"column":28},"end":{"line":10,"column":29}},"loc":{"start":{"line":10,"column":54},"end":{"line":13,"column":1}},"line":10},"2":{"name":"(anonymous_2)","decl":{"start":{"line":15,"column":23},"end":{"line":15,"column":24}},"loc":{"start":{"line":15,"column":49},"end":{"line":90,"column":1}},"line":15},"3":{"name":"(anonymous_3)","decl":{"start":{"line":92,"column":29},"end":{"line":92,"column":30}},"loc":{"start":{"line":92,"column":55},"end":{"line":145,"column":1}},"line":92}},"branchMap":{},"s":{"0":1,"1":1,"2":0,"3":1,"4":1,"5":1,"6":3,"7":1,"8":1},"f":{"0":0,"1":1,"2":3,"3":1},"b":{},"_coverageSchema":"1a1c01bbd47fc00a2c39e90264f33305004495a9","hash":"8f22ebfe5190def518c9266543220cf0568270b1"}
}
